<?xml version="1.0" encoding="UTF-8"?>
<!-- Generated by org.testng.reporters.JUnitReportReporter -->
<testsuite skipped="0" hostname="LAPTOP-KJ92LBRO" name="test.AddContactTest" tests="1" failures="0" timestamp="09 Jan 2023 22:27:54 GMT" time="6.645" errors="0">
  <testcase name="userShouldBeAbleToAddCustomer" time="6.645" classname="test.AddContactTest"/>
</testsuite> <!-- test.AddContactTest -->
