<?xml version="1.0" encoding="UTF-8"?>
<!-- Generated by org.testng.reporters.JUnitReportReporter -->
<testsuite skipped="0" hostname="LAPTOP-KJ92LBRO" name="test.LoginTest" tests="1" failures="0" timestamp="24 Nov 2022 02:21:17 GMT" time="4.531" errors="0">
  <testcase name="validUserShouldBeAbleToLogin" time="4.531" classname="test.LoginTest"/>
</testsuite> <!-- test.LoginTest -->
